TN:
SF:src\calculator.ts
FN:1,(anonymous_1)
FN:4,(anonymous_8)
FN:48,(anonymous_9)
FN:5,(anonymous_10)
FN:10,(anonymous_11)
FN:14,(anonymous_12)
FN:17,(anonymous_13)
FN:24,(anonymous_14)
FN:28,(anonymous_15)
FN:32,(anonymous_16)
FN:33,(anonymous_17)
FN:34,(anonymous_18)
FN:40,(anonymous_19)
FN:44,(anonymous_20)
FNF:14
FNH:14
FNDA:42,(anonymous_1)
FNDA:12,(anonymous_8)
FNDA:1,(anonymous_9)
FNDA:1,(anonymous_10)
FNDA:3,(anonymous_11)
FNDA:1,(anonymous_12)
FNDA:2,(anonymous_13)
FNDA:1,(anonymous_14)
FNDA:2,(anonymous_15)
FNDA:2,(anonymous_16)
FNDA:2,(anonymous_17)
FNDA:2,(anonymous_18)
FNDA:1,(anonymous_19)
FNDA:1,(anonymous_20)
DA:1,136
DA:3,1
DA:4,1
DA:6,1
DA:7,1
DA:8,1
DA:11,3
DA:12,3
DA:15,1
DA:18,2
DA:19,1
DA:21,1
DA:25,1
DA:29,2
DA:33,2
DA:34,2
DA:35,2
DA:41,1
DA:45,1
DA:48,12
DA:52,1
LF:21
LH:21
BRDA:1,0,0,39
BRDA:1,1,0,3
BRDA:1,1,1,3
BRDA:1,1,2,2
BRDA:1,2,0,77
BRDA:1,2,1,74
BRDA:18,3,0,1
BRF:7
BRH:7
end_of_record
