TN:
SF:src\calculator.ts
FN:5,(anonymous_8)
FN:10,(anonymous_9)
FN:14,(anonymous_10)
FN:17,(anonymous_11)
FN:24,(anonymous_12)
FN:28,(anonymous_13)
FN:32,(anonymous_14)
FN:33,(anonymous_15)
FN:34,(anonymous_16)
FN:40,(anonymous_17)
FN:44,(anonymous_19)
FNF:11
FNH:11
FNDA:1,(anonymous_8)
FNDA:3,(anonymous_9)
FNDA:1,(anonymous_10)
FNDA:2,(anonymous_11)
FNDA:1,(anonymous_12)
FNDA:2,(anonymous_13)
FNDA:2,(anonymous_14)
FNDA:2,(anonymous_15)
FNDA:2,(anonymous_16)
FNDA:1,(anonymous_17)
FNDA:1,(anonymous_19)
DA:1,1
DA:3,1
DA:6,1
DA:7,1
DA:8,1
DA:11,3
DA:12,3
DA:15,1
DA:18,2
DA:19,1
DA:21,1
DA:25,1
DA:29,2
DA:33,2
DA:34,2
DA:35,2
DA:41,1
DA:45,1
DA:49,1
LF:19
LH:19
BRDA:18,0,0,1
BRDA:18,0,1,1
BRF:2
BRH:2
end_of_record
